<?xml version="1.0" encoding="UTF-8" ?>
<testsuite errors="0" failures="2" hostname="DESKTOP-BT6OIK1" name="edu.nmsu.cs.circles.Circle2Test" skipped="0" tests="2" time="0.034" timestamp="2021-05-10T23:08:39">
  <properties>
[...]
</properties>
  <testcase classname="edu.nmsu.cs.circles.Circle2Test" name="simpleMove" time="0.013">
    <failure type="junit.framework.AssertionFailedError">junit.framework.AssertionFailedError
	at edu.nmsu.cs.circles.Circle2Test.simpleMove(Unknown Source)
	at java.base/jdk.internal.reflect.NativeMethodAccessorImpl.invoke0(Native Method)
	at java.base/jdk.internal.reflect.NativeMethodAccessorImpl.invoke(NativeMethodAccessorImpl.java:64)
	at java.base/jdk.internal.reflect.DelegatingMethodAccessorImpl.invoke(DelegatingMethodAccessorImpl.java:43)
	at java.base/jdk.internal.reflect.NativeMethodAccessorImpl.invoke0(Native Method)
	at java.base/jdk.internal.reflect.NativeMethodAccessorImpl.invoke(NativeMethodAccessorImpl.java:64)
	at java.base/jdk.internal.reflect.DelegatingMethodAccessorImpl.invoke(DelegatingMethodAccessorImpl.java:43)
</failure>
  </testcase>
  <testcase classname="edu.nmsu.cs.circles.Circle2Test" name="simpleMoveNeg" time="0.001">
    <failure type="junit.framework.AssertionFailedError">junit.framework.AssertionFailedError
	at edu.nmsu.cs.circles.Circle2Test.simpleMoveNeg(Unknown Source)
	at java.base/jdk.internal.reflect.NativeMethodAccessorImpl.invoke0(Native Method)
	at java.base/jdk.internal.reflect.NativeMethodAccessorImpl.invoke(NativeMethodAccessorImpl.java:64)
	at java.base/jdk.internal.reflect.DelegatingMethodAccessorImpl.invoke(DelegatingMethodAccessorImpl.java:43)
	at java.base/jdk.internal.reflect.NativeMethodAccessorImpl.invoke0(Native Method)
	at java.base/jdk.internal.reflect.NativeMethodAccessorImpl.invoke(NativeMethodAccessorImpl.java:64)
	at java.base/jdk.internal.reflect.DelegatingMethodAccessorImpl.invoke(DelegatingMethodAccessorImpl.java:43)
</failure>
  </testcase>
  <system-out><![CDATA[
Test starting...
Running test simpleMove.

Test finished.

Test starting...
Running test simpleMoveNeg.

Test finished.
]]></system-out>
  <system-err><![CDATA[]]></system-err>
</testsuite>
