<?xml version="1.0" encoding="UTF-8" standalone="yes"?><!DOCTYPE report PUBLIC "-//JACOCO//DTD Report 1.1//EN" "report.dtd"><report name="JaCoCo Ant Example"><sessioninfo id="LAPTOP-ABGISC0Q-1d557c9a" start="1620782135035" dump="1620782135175"/><sessioninfo id="LAPTOP-ABGISC0Q-940fba00" start="1620782135460" dump="1620782135597"/><sessioninfo id="LAPTOP-ABGISC0Q-429b3600" start="1620782135890" dump="1620782136037"/><sessioninfo id="LAPTOP-ABGISC0Q-a2d414b" start="1620782136337" dump="1620782136470"/><sessioninfo id="LAPTOP-ABGISC0Q-9d19dee" start="1620782136749" dump="1620782136890"/><sessioninfo id="LAPTOP-ABGISC0Q-5eb61e86" start="1620782137199" dump="1620782137341"/><sessioninfo id="LAPTOP-ABGISC0Q-ab2f197f" start="1620782137617" dump="1620782137752"/><sessioninfo id="LAPTOP-ABGISC0Q-e2a71a98" start="1620782138043" dump="1620782138183"/><sessioninfo id="LAPTOP-ABGISC0Q-2b6ca7b4" start="1620782138493" dump="1620782138630"/><sessioninfo id="LAPTOP-ABGISC0Q-bdb982b" start="1620782138961" dump="1620782139098"/><sessioninfo id="LAPTOP-ABGISC0Q-b9b85cb8" start="1620782139384" dump="1620782139549"/><sessioninfo id="LAPTOP-ABGISC0Q-b82e5032" start="1620782139868" dump="1620782140009"/><sessioninfo id="LAPTOP-ABGISC0Q-ec0d3bc8" start="1620782140305" dump="1620782140434"/><sessioninfo id="LAPTOP-ABGISC0Q-abf66f14" start="1620782140718" dump="1620782140852"/><sessioninfo id="LAPTOP-ABGISC0Q-54571940" start="1620782141137" dump="1620782141273"/><sessioninfo id="LAPTOP-ABGISC0Q-9821be6b" start="1620782141562" dump="1620782141697"/><sessioninfo id="LAPTOP-ABGISC0Q-f175b06d" start="1620782142044" dump="1620782142179"/><sessioninfo id="LAPTOP-ABGISC0Q-14a3ae30" start="1620782142443" dump="1620782142578"/><sessioninfo id="LAPTOP-ABGISC0Q-8f147e6" start="1620785430876" dump="1620785431013"/><sessioninfo id="LAPTOP-ABGISC0Q-feee0db8" start="1620785431296" dump="1620785431450"/><sessioninfo id="LAPTOP-ABGISC0Q-7cc6a49b" start="1620785431756" dump="1620785431911"/><sessioninfo id="LAPTOP-ABGISC0Q-80b741b1" start="1620785432224" dump="1620785432354"/><sessioninfo id="LAPTOP-ABGISC0Q-bd6f94c3" start="1620785432664" dump="1620785432795"/><sessioninfo id="LAPTOP-ABGISC0Q-377ef2d5" start="1620785433103" dump="1620785433241"/><sessioninfo id="LAPTOP-ABGISC0Q-d53acdd3" start="1620785433537" dump="1620785433678"/><sessioninfo id="LAPTOP-ABGISC0Q-525cae5a" start="1620785433967" dump="1620785434106"/><sessioninfo id="LAPTOP-ABGISC0Q-9de1b08c" start="1620785434376" dump="1620785434520"/><sessioninfo id="LAPTOP-ABGISC0Q-f59c275b" start="1620785434842" dump="1620785434978"/><sessioninfo id="LAPTOP-ABGISC0Q-2789a862" start="1620785435273" dump="1620785435401"/><sessioninfo id="LAPTOP-ABGISC0Q-79ca3f3c" start="1620785435703" dump="1620785435844"/><sessioninfo id="LAPTOP-ABGISC0Q-839c3b29" start="1620785436175" dump="1620785436329"/><sessioninfo id="LAPTOP-ABGISC0Q-d6a47b29" start="1620785436676" dump="1620785436812"/><sessioninfo id="LAPTOP-ABGISC0Q-1a45cee2" start="1620785437110" dump="1620785437241"/><sessioninfo id="LAPTOP-ABGISC0Q-88422be9" start="1620785437537" dump="1620785437681"/><sessioninfo id="LAPTOP-ABGISC0Q-181f8f72" start="1620785437991" dump="1620785438121"/><sessioninfo id="LAPTOP-ABGISC0Q-1d81503" start="1620785438404" dump="1620785438551"/><sessioninfo id="LAPTOP-ABGISC0Q-89b582c6" start="1620786267191" dump="1620786267325"/><sessioninfo id="LAPTOP-ABGISC0Q-15fcdaf3" start="1620786267607" dump="1620786267741"/><sessioninfo id="LAPTOP-ABGISC0Q-91be66c0" start="1620786268028" dump="1620786268163"/><sessioninfo id="LAPTOP-ABGISC0Q-7ed59e4c" start="1620786268447" dump="1620786268586"/><sessioninfo id="LAPTOP-ABGISC0Q-75a71354" start="1620786268878" dump="1620786269015"/><sessioninfo id="LAPTOP-ABGISC0Q-674c5556" start="1620786269300" dump="1620786269443"/><sessioninfo id="LAPTOP-ABGISC0Q-a85826f" start="1620786269792" dump="1620786269953"/><sessioninfo id="LAPTOP-ABGISC0Q-1bb42700" start="1620786270293" dump="1620786270427"/><sessioninfo id="LAPTOP-ABGISC0Q-df56b0db" start="1620786270735" dump="1620786270876"/><sessioninfo id="LAPTOP-ABGISC0Q-2f13cdbe" start="1620786271189" dump="1620786271326"/><sessioninfo id="LAPTOP-ABGISC0Q-6f8afb49" start="1620786271609" dump="1620786271748"/><sessioninfo id="LAPTOP-ABGISC0Q-ce711981" start="1620786272051" dump="1620786272181"/><sessioninfo id="LAPTOP-ABGISC0Q-1df7e749" start="1620786272461" dump="1620786272589"/><sessioninfo id="LAPTOP-ABGISC0Q-4cd73c31" start="1620786272887" dump="1620786273024"/><sessioninfo id="LAPTOP-ABGISC0Q-60fea7c1" start="1620786273305" dump="1620786273434"/><sessioninfo id="LAPTOP-ABGISC0Q-c6526469" start="1620786273731" dump="1620786273862"/><sessioninfo id="LAPTOP-ABGISC0Q-56e34c1d" start="1620786274147" dump="1620786274280"/><sessioninfo id="LAPTOP-ABGISC0Q-1f9f1be3" start="1620786274566" dump="1620786274699"/><sessioninfo id="LAPTOP-ABGISC0Q-ed652945" start="1620786274965" dump="1620786275108"/><sessioninfo id="LAPTOP-ABGISC0Q-58014f2" start="1620786275437" dump="1620786275578"/><sessioninfo id="LAPTOP-ABGISC0Q-8b0a050e" start="1620786379428" dump="1620786379556"/><sessioninfo id="LAPTOP-ABGISC0Q-d1e501fd" start="1620786379828" dump="1620786379959"/><sessioninfo id="LAPTOP-ABGISC0Q-728029bb" start="1620786380290" dump="1620786380417"/><sessioninfo id="LAPTOP-ABGISC0Q-44765fd5" start="1620786380703" dump="1620786380834"/><sessioninfo id="LAPTOP-ABGISC0Q-a0b08375" start="1620786381154" dump="1620786381289"/><sessioninfo id="LAPTOP-ABGISC0Q-e895e955" start="1620786381605" dump="1620786381745"/><sessioninfo id="LAPTOP-ABGISC0Q-7a06fe9b" start="1620786382091" dump="1620786382237"/><sessioninfo id="LAPTOP-ABGISC0Q-deef1b02" start="1620786382561" dump="1620786382698"/><sessioninfo id="LAPTOP-ABGISC0Q-4d9d762a" start="1620786383000" dump="1620786383131"/><sessioninfo id="LAPTOP-ABGISC0Q-2e0cf071" start="1620786383450" dump="1620786383584"/><sessioninfo id="LAPTOP-ABGISC0Q-2591a6d0" start="1620786383907" dump="1620786384043"/><sessioninfo id="LAPTOP-ABGISC0Q-c5ac0fc1" start="1620786384369" dump="1620786384506"/><sessioninfo id="LAPTOP-ABGISC0Q-babfbde8" start="1620786384809" dump="1620786384941"/><sessioninfo id="LAPTOP-ABGISC0Q-4ea66f52" start="1620786385263" dump="1620786385395"/><sessioninfo id="LAPTOP-ABGISC0Q-5c9e8ffb" start="1620786385679" dump="1620786385810"/><sessioninfo id="LAPTOP-ABGISC0Q-ed7a341d" start="1620786386080" dump="1620786386214"/><sessioninfo id="LAPTOP-ABGISC0Q-72dd0e24" start="1620786386506" dump="1620786386640"/><sessioninfo id="LAPTOP-ABGISC0Q-89f10e8f" start="1620786386921" dump="1620786387050"/><sessioninfo id="LAPTOP-ABGISC0Q-1b561ac1" start="1620786387323" dump="1620786387465"/><sessioninfo id="LAPTOP-ABGISC0Q-261ef556" start="1620786387771" dump="1620786387906"/><sessioninfo id="LAPTOP-ABGISC0Q-d81a91f6" start="1620786645444" dump="1620786645572"/><sessioninfo id="LAPTOP-ABGISC0Q-aaa4120d" start="1620786645839" dump="1620786645978"/><sessioninfo id="LAPTOP-ABGISC0Q-1b2a6f24" start="1620786646285" dump="1620786646424"/><sessioninfo id="LAPTOP-ABGISC0Q-b17a3d80" start="1620786646741" dump="1620786646866"/><sessioninfo id="LAPTOP-ABGISC0Q-19de9cc8" start="1620786647175" dump="1620786647308"/><sessioninfo id="LAPTOP-ABGISC0Q-1806e65c" start="1620786647634" dump="1620786647791"/><sessioninfo id="LAPTOP-ABGISC0Q-8af202b5" start="1620786648114" dump="1620786648246"/><sessioninfo id="LAPTOP-ABGISC0Q-d7f7b026" start="1620786648578" dump="1620786648709"/><sessioninfo id="LAPTOP-ABGISC0Q-252b1b5" start="1620786649017" dump="1620786649146"/><sessioninfo id="LAPTOP-ABGISC0Q-8a5289a4" start="1620786649442" dump="1620786649568"/><sessioninfo id="LAPTOP-ABGISC0Q-a0a43611" start="1620786649894" dump="1620786650025"/><sessioninfo id="LAPTOP-ABGISC0Q-2701b0b3" start="1620786650345" dump="1620786650487"/><sessioninfo id="LAPTOP-ABGISC0Q-d91fadbd" start="1620786650807" dump="1620786650943"/><sessioninfo id="LAPTOP-ABGISC0Q-251c3a2b" start="1620786651250" dump="1620786651378"/><sessioninfo id="LAPTOP-ABGISC0Q-7a0e299c" start="1620786651704" dump="1620786651834"/><sessioninfo id="LAPTOP-ABGISC0Q-81ad91dc" start="1620786652164" dump="1620786652300"/><sessioninfo id="LAPTOP-ABGISC0Q-6db5b623" start="1620786652628" dump="1620786652759"/><sessioninfo id="LAPTOP-ABGISC0Q-6b389138" start="1620786653056" dump="1620786653192"/><sessioninfo id="LAPTOP-ABGISC0Q-9fc92cd5" start="1620786653499" dump="1620786653637"/><sessioninfo id="LAPTOP-ABGISC0Q-13fc090e" start="1620786653948" dump="1620786654082"/><sessioninfo id="LAPTOP-ABGISC0Q-a1e0a37e" start="1620786758057" dump="1620786758192"/><sessioninfo id="LAPTOP-ABGISC0Q-43be025e" start="1620786758493" dump="1620786758626"/><sessioninfo id="LAPTOP-ABGISC0Q-5618b3fc" start="1620786759083" dump="1620786759213"/><sessioninfo id="LAPTOP-ABGISC0Q-29213767" start="1620786759498" dump="1620786759642"/><sessioninfo id="LAPTOP-ABGISC0Q-6b7cbded" start="1620786759953" dump="1620786760086"/><sessioninfo id="LAPTOP-ABGISC0Q-b5680a6b" start="1620786760385" dump="1620786760599"/><sessioninfo id="LAPTOP-ABGISC0Q-78581724" start="1620786760946" dump="1620786761100"/><sessioninfo id="LAPTOP-ABGISC0Q-ea1e2994" start="1620786761458" dump="1620786761593"/><sessioninfo id="LAPTOP-ABGISC0Q-5c225b18" start="1620786761869" dump="1620786761999"/><sessioninfo id="LAPTOP-ABGISC0Q-f11363a5" start="1620786762271" dump="1620786762406"/><sessioninfo id="LAPTOP-ABGISC0Q-224aebf0" start="1620786762736" dump="1620786762877"/><sessioninfo id="LAPTOP-ABGISC0Q-d4dbc8c9" start="1620786763179" dump="1620786763326"/><sessioninfo id="LAPTOP-ABGISC0Q-2fbd144a" start="1620786763608" dump="1620786763744"/><sessioninfo id="LAPTOP-ABGISC0Q-f54b8f3f" start="1620786764034" dump="1620786764166"/><sessioninfo id="LAPTOP-ABGISC0Q-8455d12f" start="1620786764451" dump="1620786764592"/><sessioninfo id="LAPTOP-ABGISC0Q-4663b78a" start="1620786764937" dump="1620786765079"/><sessioninfo id="LAPTOP-ABGISC0Q-5f015f24" start="1620786765396" dump="1620786765524"/><sessioninfo id="LAPTOP-ABGISC0Q-16b1c9a5" start="1620786765848" dump="1620786765980"/><sessioninfo id="LAPTOP-ABGISC0Q-8219301c" start="1620786766307" dump="1620786766446"/><sessioninfo id="LAPTOP-ABGISC0Q-96a380e3" start="1620786766722" dump="1620786766872"/><sessioninfo id="LAPTOP-ABGISC0Q-b0689b" start="1620787046393" dump="1620787046531"/><sessioninfo id="LAPTOP-ABGISC0Q-64c4b283" start="1620787046827" dump="1620787046957"/><sessioninfo id="LAPTOP-ABGISC0Q-6c4b266b" start="1620787047255" dump="1620787047384"/><sessioninfo id="LAPTOP-ABGISC0Q-e0c7a593" start="1620787047674" dump="1620787047809"/><sessioninfo id="LAPTOP-ABGISC0Q-33fe7e1e" start="1620787048111" dump="1620787048254"/><sessioninfo id="LAPTOP-ABGISC0Q-d09a48ae" start="1620787048561" dump="1620787048712"/><sessioninfo id="LAPTOP-ABGISC0Q-239034c2" start="1620787049018" dump="1620787049226"/><sessioninfo id="LAPTOP-ABGISC0Q-dec55fda" start="1620787049573" dump="1620787049722"/><sessioninfo id="LAPTOP-ABGISC0Q-cbed7cc2" start="1620787050059" dump="1620787050189"/><sessioninfo id="LAPTOP-ABGISC0Q-dd988544" start="1620787050478" dump="1620787050608"/><sessioninfo id="LAPTOP-ABGISC0Q-ae899e8c" start="1620787050888" dump="1620787051030"/><sessioninfo id="LAPTOP-ABGISC0Q-210d4ae2" start="1620787051329" dump="1620787051466"/><sessioninfo id="LAPTOP-ABGISC0Q-c5a1cfe1" start="1620787051787" dump="1620787051920"/><sessioninfo id="LAPTOP-ABGISC0Q-3906bdcc" start="1620787052229" dump="1620787052362"/><sessioninfo id="LAPTOP-ABGISC0Q-c70e708e" start="1620787052647" dump="1620787052789"/><sessioninfo id="LAPTOP-ABGISC0Q-6e1d9388" start="1620787053100" dump="1620787053233"/><sessioninfo id="LAPTOP-ABGISC0Q-729b26de" start="1620787053548" dump="1620787053675"/><sessioninfo id="LAPTOP-ABGISC0Q-7624aa9e" start="1620787053985" dump="1620787054146"/><sessioninfo id="LAPTOP-ABGISC0Q-ec83288c" start="1620787054488" dump="1620787054620"/><sessioninfo id="LAPTOP-ABGISC0Q-2d6ba4dd" start="1620787054898" dump="1620787055042"/><sessioninfo id="LAPTOP-ABGISC0Q-7b9c8865" start="1620787055362" dump="1620787055494"/><sessioninfo id="LAPTOP-ABGISC0Q-361f08c7" start="1620787090134" dump="1620787090273"/><sessioninfo id="LAPTOP-ABGISC0Q-d3d3cc0e" start="1620787090607" dump="1620787090746"/><sessioninfo id="LAPTOP-ABGISC0Q-e4ffa9f0" start="1620787091051" dump="1620787091185"/><sessioninfo id="LAPTOP-ABGISC0Q-adb3a8a4" start="1620787091473" dump="1620787091613"/><sessioninfo id="LAPTOP-ABGISC0Q-98a91041" start="1620787091891" dump="1620787092025"/><sessioninfo id="LAPTOP-ABGISC0Q-45e6ae06" start="1620787092349" dump="1620787092489"/><sessioninfo id="LAPTOP-ABGISC0Q-75d29dde" start="1620787092779" dump="1620787092925"/><sessioninfo id="LAPTOP-ABGISC0Q-e3f2ce0b" start="1620787093240" dump="1620787093384"/><sessioninfo id="LAPTOP-ABGISC0Q-3762d8f1" start="1620787093656" dump="1620787093791"/><sessioninfo id="LAPTOP-ABGISC0Q-b4ac2eee" start="1620787094118" dump="1620787094263"/><sessioninfo id="LAPTOP-ABGISC0Q-632531ea" start="1620787094579" dump="1620787094740"/><sessioninfo id="LAPTOP-ABGISC0Q-dc7e1952" start="1620787095082" dump="1620787095270"/><sessioninfo id="LAPTOP-ABGISC0Q-834b005a" start="1620787095580" dump="1620787095730"/><sessioninfo id="LAPTOP-ABGISC0Q-fd13ebec" start="1620787096056" dump="1620787096188"/><sessioninfo id="LAPTOP-ABGISC0Q-8a6fceb4" start="1620787096498" dump="1620787096633"/><sessioninfo id="LAPTOP-ABGISC0Q-4814bf6a" start="1620787096931" dump="1620787097064"/><sessioninfo id="LAPTOP-ABGISC0Q-b5df5da5" start="1620787097347" dump="1620787097480"/><sessioninfo id="LAPTOP-ABGISC0Q-17e52a1b" start="1620787097791" dump="1620787097923"/><sessioninfo id="LAPTOP-ABGISC0Q-b04fa9ba" start="1620787098254" dump="1620787098391"/><sessioninfo id="LAPTOP-ABGISC0Q-790fd3ff" start="1620787098677" dump="1620787098817"/><sessioninfo id="LAPTOP-ABGISC0Q-7f4952f9" start="1620787099099" dump="1620787099239"/><sessioninfo id="LAPTOP-ABGISC0Q-f254cd8b" start="1620787163987" dump="1620787164117"/><sessioninfo id="LAPTOP-ABGISC0Q-f72fdd46" start="1620787164414" dump="1620787164543"/><sessioninfo id="LAPTOP-ABGISC0Q-9919cc81" start="1620787164842" dump="1620787164972"/><sessioninfo id="LAPTOP-ABGISC0Q-1f25b980" start="1620787165283" dump="1620787165426"/><sessioninfo id="LAPTOP-ABGISC0Q-3b637945" start="1620787165697" dump="1620787165848"/><sessioninfo id="LAPTOP-ABGISC0Q-cdc205b9" start="1620787166132" dump="1620787166313"/><sessioninfo id="LAPTOP-ABGISC0Q-f466b5b4" start="1620787166665" dump="1620787166801"/><sessioninfo id="LAPTOP-ABGISC0Q-b33ee897" start="1620787167092" dump="1620787167240"/><sessioninfo id="LAPTOP-ABGISC0Q-f698eab1" start="1620787167565" dump="1620787167694"/><sessioninfo id="LAPTOP-ABGISC0Q-5871c32" start="1620787167997" dump="1620787168134"/><sessioninfo id="LAPTOP-ABGISC0Q-3e4bb0ac" start="1620787168410" dump="1620787168548"/><sessioninfo id="LAPTOP-ABGISC0Q-1768265d" start="1620787168869" dump="1620787169018"/><sessioninfo id="LAPTOP-ABGISC0Q-de25e354" start="1620787169338" dump="1620787169469"/><sessioninfo id="LAPTOP-ABGISC0Q-a7f13c1b" start="1620787169754" dump="1620787169886"/><sessioninfo id="LAPTOP-ABGISC0Q-3d5aaf61" start="1620787170207" dump="1620787170340"/><sessioninfo id="LAPTOP-ABGISC0Q-e498639a" start="1620787170660" dump="1620787170790"/><sessioninfo id="LAPTOP-ABGISC0Q-7d4aca0f" start="1620787171110" dump="1620787171242"/><sessioninfo id="LAPTOP-ABGISC0Q-f9dbb16a" start="1620787171529" dump="1620787171660"/><sessioninfo id="LAPTOP-ABGISC0Q-f38a559e" start="1620787171970" dump="1620787172109"/><sessioninfo id="LAPTOP-ABGISC0Q-b48e8a5e" start="1620787172420" dump="1620787172555"/><sessioninfo id="LAPTOP-ABGISC0Q-6826cab8" start="1620787172824" dump="1620787172962"/><sessioninfo id="LAPTOP-ABGISC0Q-28916bbb" start="1620787221176" dump="1620787221307"/><sessioninfo id="LAPTOP-ABGISC0Q-a02fe7fa" start="1620787221628" dump="1620787221767"/><sessioninfo id="LAPTOP-ABGISC0Q-13d2fa66" start="1620787222096" dump="1620787222255"/><sessioninfo id="LAPTOP-ABGISC0Q-4a79377e" start="1620787222541" dump="1620787222681"/><sessioninfo id="LAPTOP-ABGISC0Q-5518203a" start="1620787222981" dump="1620787223142"/><sessioninfo id="LAPTOP-ABGISC0Q-1b92a848" start="1620787223451" dump="1620787223589"/><sessioninfo id="LAPTOP-ABGISC0Q-7fa92b43" start="1620787223926" dump="1620787224092"/><sessioninfo id="LAPTOP-ABGISC0Q-2594c82a" start="1620787224466" dump="1620787224629"/><sessioninfo id="LAPTOP-ABGISC0Q-bba38dbd" start="1620787224986" dump="1620787225161"/><sessioninfo id="LAPTOP-ABGISC0Q-8235ba0d" start="1620787225533" dump="1620787225699"/><sessioninfo id="LAPTOP-ABGISC0Q-1c936381" start="1620787226106" dump="1620787226282"/><sessioninfo id="LAPTOP-ABGISC0Q-48703255" start="1620787226606" dump="1620787226817"/><sessioninfo id="LAPTOP-ABGISC0Q-52420ca4" start="1620787227308" dump="1620787227503"/><sessioninfo id="LAPTOP-ABGISC0Q-d8c7261" start="1620787227853" dump="1620787228015"/><sessioninfo id="LAPTOP-ABGISC0Q-28a451ac" start="1620787228358" dump="1620787228534"/><sessioninfo id="LAPTOP-ABGISC0Q-aa852538" start="1620787228884" dump="1620787229036"/><sessioninfo id="LAPTOP-ABGISC0Q-952c1098" start="1620787229426" dump="1620787229602"/><sessioninfo id="LAPTOP-ABGISC0Q-d596c21e" start="1620787230024" dump="1620787230174"/><sessioninfo id="LAPTOP-ABGISC0Q-c8e7b595" start="1620787230456" dump="1620787230602"/><sessioninfo id="LAPTOP-ABGISC0Q-3f2670e8" start="1620787230936" dump="1620787231078"/><sessioninfo id="LAPTOP-ABGISC0Q-cf858b6" start="1620787231391" dump="1620787231528"/><package name="src/edu/nmsu/cs/scoring"><class name="src/edu/nmsu/cs/scoring/RacingScore2" sourcefilename="RacingScore2.java"><method name="&lt;init&gt;" desc="()V" line="1"><counter type="INSTRUCTION" missed="5" covered="0"/><counter type="LINE" missed="1" covered="0"/><counter type="COMPLEXITY" missed="1" covered="0"/><counter type="METHOD" missed="1" covered="0"/></method><method name="recordScores" desc="(III)V" line="30"><counter type="INSTRUCTION" missed="5" covered="0"/><counter type="LINE" missed="1" covered="0"/><counter type="COMPLEXITY" missed="1" covered="0"/><counter type="METHOD" missed="1" covered="0"/></method><method name="overallScore" desc="()I" line="37"><counter type="INSTRUCTION" missed="5" covered="0"/><counter type="LINE" missed="1" covered="0"/><counter type="COMPLEXITY" missed="1" covered="0"/><counter type="METHOD" missed="1" covered="0"/></method><method name="main" desc="([Ljava/lang/String;)V" line="61"><counter type="INSTRUCTION" missed="5" covered="0"/><counter type="LINE" missed="1" covered="0"/><counter type="COMPLEXITY" missed="1" covered="0"/><counter type="METHOD" missed="1" covered="0"/></method><counter type="INSTRUCTION" missed="20" covered="0"/><counter type="LINE" missed="4" covered="0"/><counter type="COMPLEXITY" missed="4" covered="0"/><counter type="METHOD" missed="4" covered="0"/><counter type="CLASS" missed="1" covered="0"/></class><class name="src/edu/nmsu/cs/scoring/RacingScore1" sourcefilename="RacingScore1.java"><method name="&lt;init&gt;" desc="()V" line="1"><counter type="INSTRUCTION" missed="5" covered="0"/><counter type="LINE" missed="1" covered="0"/><counter type="COMPLEXITY" missed="1" covered="0"/><counter type="METHOD" missed="1" covered="0"/></method><method name="recordScores" desc="(III)V" line="31"><counter type="INSTRUCTION" missed="5" covered="0"/><counter type="LINE" missed="1" covered="0"/><counter type="COMPLEXITY" missed="1" covered="0"/><counter type="METHOD" missed="1" covered="0"/></method><method name="overallScore" desc="()I" line="38"><counter type="INSTRUCTION" missed="5" covered="0"/><counter type="LINE" missed="1" covered="0"/><counter type="COMPLEXITY" missed="1" covered="0"/><counter type="METHOD" missed="1" covered="0"/></method><method name="main" desc="([Ljava/lang/String;)V" line="51"><counter type="INSTRUCTION" missed="5" covered="0"/><counter type="LINE" missed="1" covered="0"/><counter type="COMPLEXITY" missed="1" covered="0"/><counter type="METHOD" missed="1" covered="0"/></method><counter type="INSTRUCTION" missed="20" covered="0"/><counter type="LINE" missed="4" covered="0"/><counter type="COMPLEXITY" missed="4" covered="0"/><counter type="METHOD" missed="4" covered="0"/><counter type="CLASS" missed="1" covered="0"/></class><sourcefile name="RacingScore2.java"><line nr="1" mi="5" ci="0" mb="0" cb="0"/><line nr="30" mi="5" ci="0" mb="0" cb="0"/><line nr="37" mi="5" ci="0" mb="0" cb="0"/><line nr="61" mi="5" ci="0" mb="0" cb="0"/><counter type="INSTRUCTION" missed="20" covered="0"/><counter type="LINE" missed="4" covered="0"/><counter type="COMPLEXITY" missed="4" covered="0"/><counter type="METHOD" missed="4" covered="0"/><counter type="CLASS" missed="1" covered="0"/></sourcefile><sourcefile name="RacingScore1.java"><line nr="1" mi="5" ci="0" mb="0" cb="0"/><line nr="31" mi="5" ci="0" mb="0" cb="0"/><line nr="38" mi="5" ci="0" mb="0" cb="0"/><line nr="51" mi="5" ci="0" mb="0" cb="0"/><counter type="INSTRUCTION" missed="20" covered="0"/><counter type="LINE" missed="4" covered="0"/><counter type="COMPLEXITY" missed="4" covered="0"/><counter type="METHOD" missed="4" covered="0"/><counter type="CLASS" missed="1" covered="0"/></sourcefile><counter type="INSTRUCTION" missed="40" covered="0"/><counter type="LINE" missed="8" covered="0"/><counter type="COMPLEXITY" missed="8" covered="0"/><counter type="METHOD" missed="8" covered="0"/><counter type="CLASS" missed="2" covered="0"/></package><package name="edu/nmsu/cs/scoring"><class name="edu/nmsu/cs/scoring/RacingScore2" sourcefilename="RacingScore2.java"><method name="&lt;init&gt;" desc="()V" line="24"><counter type="INSTRUCTION" missed="0" covered="12"/><counter type="LINE" missed="0" covered="5"/><counter type="COMPLEXITY" missed="0" covered="1"/><counter type="METHOD" missed="0" covered="1"/></method><method name="recordScores" desc="(III)V" line="32"><counter type="INSTRUCTION" missed="0" covered="10"/><counter type="LINE" missed="0" covered="4"/><counter type="COMPLEXITY" missed="0" covered="1"/><counter type="METHOD" missed="0" covered="1"/></method><method name="overallScore" desc="()I" line="40"><counter type="INSTRUCTION" missed="0" covered="49"/><counter type="BRANCH" missed="1" covered="7"/><counter type="LINE" missed="0" covered="11"/><counter type="COMPLEXITY" missed="1" covered="4"/><counter type="METHOD" missed="0" covered="1"/></method><method name="main" desc="([Ljava/lang/String;)V" line="64"><counter type="INSTRUCTION" missed="0" covered="69"/><counter type="BRANCH" missed="0" covered="16"/><counter type="LINE" missed="0" covered="19"/><counter type="COMPLEXITY" missed="0" covered="9"/><counter type="METHOD" missed="0" covered="1"/></method><counter type="INSTRUCTION" missed="0" covered="140"/><counter type="BRANCH" missed="1" covered="23"/><counter type="LINE" missed="0" covered="39"/><counter type="COMPLEXITY" missed="1" covered="15"/><counter type="METHOD" missed="0" covered="4"/><counter type="CLASS" missed="0" covered="1"/></class><class name="edu/nmsu/cs/scoring/RacingScore1" sourcefilename="RacingScore1.java"><method name="&lt;init&gt;" desc="()V" line="25"><counter type="INSTRUCTION" missed="0" covered="12"/><counter type="LINE" missed="0" covered="5"/><counter type="COMPLEXITY" missed="0" covered="1"/><counter type="METHOD" missed="0" covered="1"/></method><method name="recordScores" desc="(III)V" line="33"><counter type="INSTRUCTION" missed="0" covered="10"/><counter type="LINE" missed="0" covered="4"/><counter type="COMPLEXITY" missed="0" covered="1"/><counter type="METHOD" missed="0" covered="1"/></method><method name="overallScore" desc="()I" line="41"><counter type="INSTRUCTION" missed="0" covered="32"/><counter type="BRANCH" missed="0" covered="4"/><counter type="LINE" missed="0" covered="7"/><counter type="COMPLEXITY" missed="0" covered="3"/><counter type="METHOD" missed="0" covered="1"/></method><method name="main" desc="([Ljava/lang/String;)V" line="54"><counter type="INSTRUCTION" missed="0" covered="44"/><counter type="BRANCH" missed="0" covered="2"/><counter type="LINE" missed="0" covered="14"/><counter type="COMPLEXITY" missed="0" covered="2"/><counter type="METHOD" missed="0" covered="1"/></method><counter type="INSTRUCTION" missed="0" covered="98"/><counter type="BRANCH" missed="0" covered="6"/><counter type="LINE" missed="0" covered="30"/><counter type="COMPLEXITY" missed="0" covered="7"/><counter type="METHOD" missed="0" covered="4"/><counter type="CLASS" missed="0" covered="1"/></class><sourcefile name="RacingScore1.java"><line nr="25" mi="0" ci="2" mb="0" cb="0"/><line nr="26" mi="0" ci="3" mb="0" cb="0"/><line nr="27" mi="0" ci="3" mb="0" cb="0"/><line nr="28" mi="0" ci="3" mb="0" cb="0"/><line nr="29" mi="0" ci="1" mb="0" cb="0"/><line nr="33" mi="0" ci="3" mb="0" cb="0"/><line nr="34" mi="0" ci="3" mb="0" cb="0"/><line nr="35" mi="0" ci="3" mb="0" cb="0"/><line nr="36" mi="0" ci="1" mb="0" cb="0"/><line nr="41" mi="0" ci="5" mb="0" cb="2"/><line nr="42" mi="0" ci="4" mb="0" cb="0"/><line nr="44" mi="0" ci="3" mb="0" cb="0"/><line nr="45" mi="0" ci="4" mb="0" cb="2"/><line nr="46" mi="0" ci="3" mb="0" cb="0"/><line nr="47" mi="0" ci="11" mb="0" cb="0"/><line nr="48" mi="0" ci="2" mb="0" cb="0"/><line nr="54" mi="0" ci="4" mb="0" cb="2"/><line nr="56" mi="0" ci="3" mb="0" cb="0"/><line nr="57" mi="0" ci="1" mb="0" cb="0"/><line nr="61" mi="0" ci="5" mb="0" cb="0"/><line nr="62" mi="0" ci="5" mb="0" cb="0"/><line nr="63" mi="0" ci="5" mb="0" cb="0"/><line nr="65" mi="0" ci="1" mb="0" cb="0"/><line nr="67" mi="0" ci="3" mb="0" cb="0"/><line nr="68" mi="0" ci="1" mb="0" cb="0"/><line nr="69" mi="0" ci="1" mb="0" cb="0"/><line nr="70" mi="0" ci="4" mb="0" cb="0"/><line nr="71" mi="0" ci="5" mb="0" cb="0"/><line nr="72" mi="0" ci="5" mb="0" cb="0"/><line nr="73" mi="0" ci="1" mb="0" cb="0"/><counter type="INSTRUCTION" missed="0" covered="98"/><counter type="BRANCH" missed="0" covered="6"/><counter type="LINE" missed="0" covered="30"/><counter type="COMPLEXITY" missed="0" covered="7"/><counter type="METHOD" missed="0" covered="4"/><counter type="CLASS" missed="0" covered="1"/></sourcefile><sourcefile name="RacingScore2.java"><line nr="24" mi="0" ci="2" mb="0" cb="0"/><line nr="25" mi="0" ci="3" mb="0" cb="0"/><line nr="26" mi="0" ci="3" mb="0" cb="0"/><line nr="27" mi="0" ci="3" mb="0" cb="0"/><line nr="28" mi="0" ci="1" mb="0" cb="0"/><line nr="32" mi="0" ci="3" mb="0" cb="0"/><line nr="33" mi="0" ci="3" mb="0" cb="0"/><line nr="34" mi="0" ci="3" mb="0" cb="0"/><line nr="35" mi="0" ci="1" mb="0" cb="0"/><line nr="40" mi="0" ci="10" mb="0" cb="4"/><line nr="42" mi="0" ci="3" mb="0" cb="0"/><line nr="43" mi="0" ci="4" mb="0" cb="0"/><line nr="45" mi="0" ci="10" mb="1" cb="3"/><line nr="47" mi="0" ci="3" mb="0" cb="0"/><line nr="48" mi="0" ci="3" mb="0" cb="0"/><line nr="49" mi="0" ci="4" mb="0" cb="0"/><line nr="53" mi="0" ci="3" mb="0" cb="0"/><line nr="54" mi="0" ci="3" mb="0" cb="0"/><line nr="57" mi="0" ci="4" mb="0" cb="0"/><line nr="58" mi="0" ci="2" mb="0" cb="0"/><line nr="64" mi="0" ci="3" mb="0" cb="2"/><line nr="66" mi="0" ci="3" mb="0" cb="0"/><line nr="67" mi="0" ci="1" mb="0" cb="0"/><line nr="69" mi="0" ci="4" mb="0" cb="2"/><line nr="70" mi="0" ci="3" mb="0" cb="0"/><line nr="76" mi="0" ci="5" mb="0" cb="0"/><line nr="77" mi="0" ci="5" mb="0" cb="0"/><line nr="78" mi="0" ci="5" mb="0" cb="0"/><line nr="80" mi="0" ci="1" mb="0" cb="0"/><line nr="82" mi="0" ci="3" mb="0" cb="0"/><line nr="83" mi="0" ci="1" mb="0" cb="0"/><line nr="84" mi="0" ci="1" mb="0" cb="0"/><line nr="85" mi="0" ci="15" mb="0" cb="12"/><line nr="87" mi="0" ci="3" mb="0" cb="0"/><line nr="88" mi="0" ci="1" mb="0" cb="0"/><line nr="90" mi="0" ci="4" mb="0" cb="0"/><line nr="91" mi="0" ci="5" mb="0" cb="0"/><line nr="92" mi="0" ci="5" mb="0" cb="0"/><line nr="93" mi="0" ci="1" mb="0" cb="0"/><counter type="INSTRUCTION" missed="0" covered="140"/><counter type="BRANCH" missed="1" covered="23"/><counter type="LINE" missed="0" covered="39"/><counter type="COMPLEXITY" missed="1" covered="15"/><counter type="METHOD" missed="0" covered="4"/><counter type="CLASS" missed="0" covered="1"/></sourcefile><counter type="INSTRUCTION" missed="0" covered="238"/><counter type="BRANCH" missed="1" covered="29"/><counter type="LINE" missed="0" covered="69"/><counter type="COMPLEXITY" missed="1" covered="22"/><counter type="METHOD" missed="0" covered="8"/><counter type="CLASS" missed="0" covered="2"/></package><counter type="INSTRUCTION" missed="40" covered="238"/><counter type="BRANCH" missed="1" covered="29"/><counter type="LINE" missed="8" covered="69"/><counter type="COMPLEXITY" missed="9" covered="22"/><counter type="METHOD" missed="8" covered="8"/><counter type="CLASS" missed="2" covered="2"/></report>